<?xml version="1.0" encoding="UTF-8"?>
<testsuite name="com.airbnb.eloquentelksbackend.DTO.PropertyFetchDTOTest" tests="1" skipped="0" failures="0" errors="0" timestamp="2021-04-26T14:47:17" hostname="Patricks-MBP-2" time="0.088">
  <properties/>
  <testcase name="testPropertyGetDTO()" classname="com.airbnb.eloquentelksbackend.DTO.PropertyFetchDTOTest" time="0.088"/>
  <system-out><![CDATA[]]></system-out>
  <system-err><![CDATA[]]></system-err>
</testsuite>
